<?xml version="1.0" encoding="UTF-8"?>
<!-- Generated by org.testng.reporters.JUnitXMLReporter -->
<testsuite ignored="0" hostname="KairosHW0441" failures="0" tests="4" name="Default test" time="16.232" errors="0" timestamp="2023-05-15T14:28:44 IST">
  <testcase classname="automatedFacebookUsingPom.Pom_Main" name="test" time="0.191"/>
  <testcase classname="automatedFacebookUsingPom.Pom_Main" name="test" time="3.878"/>
  <testcase classname="automatedFacebookUsingPom.Pom_Main" name="test" time="6.304"/>
  <testcase classname="automatedFacebookUsingPom.Pom_Main" name="test" time="2.844"/>
</testsuite> <!-- Default test -->
