<?xml version="1.0" encoding="UTF-8"?>
<!-- Generated by org.testng.reporters.JUnitXMLReporter -->
<testsuite ignored="0" hostname="KairosHW0441" failures="0" tests="3" name="Test" time="13.077" errors="0" timestamp="2023-05-29T11:19:47 IST">
  <testcase classname="runningTestCasesParallelAndcrossbrowsusinddiffclass.ClassA" name="launchUrl" time="6.558"/>
  <testcase classname="runningTestCasesParallelAndcrossbrowsusinddiffclass.ClassB" name="launchurl1" time="9.064"/>
  <testcase classname="runningTestCasesParallelAndcrossbrowsusinddiffclass.ClassC" name="launchurl2" time="13.041"/>
</testsuite> <!-- Test -->
