<?xml version="1.0" encoding="UTF-8"?>
<testng-results ignored="0" total="4" passed="4" failed="0" skipped="0">
  <reporter-output>
  </reporter-output>
  <suite started-at="2023-05-15T14:28:27 IST" name="Default suite" finished-at="2023-05-15T14:28:44 IST" duration-ms="16232">
    <groups>
    </groups>
    <test started-at="2023-05-15T14:28:27 IST" name="Default test" finished-at="2023-05-15T14:28:44 IST" duration-ms="16232">
      <class name="automatedFacebookUsingPom.Pom_Main">
        <test-method is-config="true" signature="launchBrowser()[pri:0, instance:automatedFacebookUsingPom.Pom_Main@63376bed]" started-at="2023-05-15T14:28:27 IST" name="launchBrowser" finished-at="2023-05-15T14:28:30 IST" duration-ms="2874" status="PASS">
          <reporter-output>
          </reporter-output>
        </test-method> <!-- launchBrowser -->
        <test-method signature="test(java.lang.String)[pri:0, instance:automatedFacebookUsingPom.Pom_Main@63376bed]" started-at="2023-05-15T14:28:30 IST" name="test" data-provider="pomdata" finished-at="2023-05-15T14:28:30 IST" duration-ms="191" status="PASS">
          <params>
            <param index="0">
              <value>
                <![CDATA[imran957398@gmail.com,imran9573]]>
              </value>
            </param>
          </params>
          <reporter-output>
          </reporter-output>
        </test-method> <!-- test -->
        <test-method signature="test(java.lang.String)[pri:0, instance:automatedFacebookUsingPom.Pom_Main@63376bed]" started-at="2023-05-15T14:28:30 IST" name="test" data-provider="pomdata" finished-at="2023-05-15T14:28:34 IST" duration-ms="3878" status="PASS">
          <params>
            <param index="0">
              <value>
                <![CDATA[9573987351,kairos1923]]>
              </value>
            </param>
          </params>
          <reporter-output>
          </reporter-output>
        </test-method> <!-- test -->
        <test-method signature="test(java.lang.String)[pri:0, instance:automatedFacebookUsingPom.Pom_Main@63376bed]" started-at="2023-05-15T14:28:34 IST" name="test" data-provider="pomdata" finished-at="2023-05-15T14:28:41 IST" duration-ms="6304" status="PASS">
          <params>
            <param index="0">
              <value>
                <![CDATA[kairos1947@gmail.com,kairos1947]]>
              </value>
            </param>
          </params>
          <reporter-output>
          </reporter-output>
        </test-method> <!-- test -->
        <test-method signature="test(java.lang.String)[pri:0, instance:automatedFacebookUsingPom.Pom_Main@63376bed]" started-at="2023-05-15T14:28:41 IST" name="test" data-provider="pomdata" finished-at="2023-05-15T14:28:43 IST" duration-ms="2844" status="PASS">
          <params>
            <param index="0">
              <value>
                <![CDATA[solunus@gmail.com,paswords1234]]>
              </value>
            </param>
          </params>
          <reporter-output>
          </reporter-output>
        </test-method> <!-- test -->
        <test-method is-config="true" signature="logOut()[pri:0, instance:automatedFacebookUsingPom.Pom_Main@63376bed]" started-at="2023-05-15T14:28:43 IST" name="logOut" finished-at="2023-05-15T14:28:44 IST" duration-ms="105" status="PASS">
          <reporter-output>
          </reporter-output>
        </test-method> <!-- logOut -->
      </class> <!-- automatedFacebookUsingPom.Pom_Main -->
    </test> <!-- Default test -->
  </suite> <!-- Default suite -->
</testng-results>
